<?xml version="1.0" encoding="UTF-8"?>
<testsuite xmlns:xsi="http://www.w3.org/2001/XMLSchema-instance" xsi:noNamespaceSchemaLocation="https://maven.apache.org/surefire/maven-surefire-plugin/xsd/surefire-test-report-3.0.xsd" version="3.0" name="ejercicio_01.ShoppingCartTest" time="0.057" tests="4" errors="0" skipped="0" failures="0">
  <properties>
[...]
</properties>
  <testcase name="testGetProductCount" classname="ejercicio_01.ShoppingCartTest" time="0.018"/>
  <testcase name="testGetTotal" classname="ejercicio_01.ShoppingCartTest" time="0.0"/>
  <testcase name="testRemoveProduct" classname="ejercicio_01.ShoppingCartTest" time="0.0"/>
  <testcase name="testAddProduct" classname="ejercicio_01.ShoppingCartTest" time="0.0"/>
</testsuite>